<?xml version="1.0" encoding="UTF-8"?>
<!-- Generated by org.testng.reporters.JUnitReportReporter -->
<testsuite hostname="Svetlana" failures="0" tests="1" name="login.LoginHappyPathTest" time="4.678" errors="0" timestamp="2025-01-24T21:38:24 EET" skipped="0">
  <testcase classname="login.LoginHappyPathTest" name="verifyUserCanLoginWithValidCredentials" time="4.678"/>
</testsuite> <!-- login.LoginHappyPathTest -->
