<?xml version="1.0" encoding="UTF-8"?>
<!-- Generated by org.testng.reporters.JUnitReportReporter -->
<testsuite hostname="Svetlana" failures="0" tests="1" name="login.LoginPageLayoutTest" time="7.717" errors="0" timestamp="2025-01-24T21:38:24 EET" skipped="0">
  <testcase classname="login.LoginPageLayoutTest" name="verifyLoginPageLayout" time="7.717"/>
</testsuite> <!-- login.LoginPageLayoutTest -->
