<?xml version="1.0" encoding="UTF-8"?>
<!-- Generated by org.testng.reporters.JUnitReportReporter -->
<testsuite hostname="Svetlana" failures="0" tests="2" name="post.PostTests" time="16.699" errors="0" timestamp="2025-01-24T21:38:24 EET" skipped="0">
  <testcase classname="post.PostTests" name="verifyUserCanUploadImage" time="11.133"/>
  <testcase classname="post.PostTests" name="verifyUserCanDeletePost" time="5.566"/>
</testsuite> <!-- post.PostTests -->
