<?xml version="1.0" encoding="UTF-8"?>
<!-- Generated by org.testng.reporters.JUnitReportReporter -->
<testsuite hostname="Svetlana" failures="0" tests="3" name="login.LoginNegativePathTest" time="13.646" errors="0" timestamp="2025-01-24T21:38:24 EET" skipped="0">
  <testcase classname="login.LoginNegativePathTest" name="verifyUnsuccessfulLoginWithInvalidUsername" time="2.850"/>
  <testcase classname="login.LoginNegativePathTest" name="verifyUserCannotLoginWithInvalidPassword" time="3.027"/>
  <testcase classname="login.LoginNegativePathTest" name="verifyUserCannotLoginWithEmptyCredentials" time="7.769"/>
</testsuite> <!-- login.LoginNegativePathTest -->
